2023-10-13T14:23:37.164+09:00  INFO 12852 --- [restartedMain] co.kr.lotte.LotteApplication             : Starting LotteApplication using Java 17.0.8 with PID 12852 (C:\Users\JAVA2\Desktop\Workspace\lotte\build\classes\java\main started by JAVA2 in C:\Users\JAVA2\Desktop\Workspace\lotte)
2023-10-13T14:23:37.166+09:00  INFO 12852 --- [restartedMain] co.kr.lotte.LotteApplication             : No active profile set, falling back to 1 default profile: "default"
2023-10-13T14:23:37.188+09:00  INFO 12852 --- [restartedMain] .e.DevToolsPropertyDefaultsPostProcessor : Devtools property defaults active! Set 'spring.devtools.add-properties' to 'false' to disable
2023-10-13T14:23:37.188+09:00  INFO 12852 --- [restartedMain] .e.DevToolsPropertyDefaultsPostProcessor : For additional web related logging consider setting the 'logging.level.web' property to 'DEBUG'
2023-10-13T14:23:37.485+09:00  INFO 12852 --- [restartedMain] .s.d.r.c.RepositoryConfigurationDelegate : Bootstrapping Spring Data JPA repositories in DEFAULT mode.
2023-10-13T14:23:37.492+09:00  INFO 12852 --- [restartedMain] .s.d.r.c.RepositoryConfigurationDelegate : Finished Spring Data repository scanning in 2 ms. Found 0 JPA repository interfaces.
2023-10-13T14:23:37.552+09:00  WARN 12852 --- [restartedMain] o.m.s.mapper.ClassPathMapperScanner      : No MyBatis mapper was found in '[co.kr.lotte]' package. Please check your configuration.
2023-10-13T14:23:37.789+09:00  INFO 12852 --- [restartedMain] o.s.b.w.embedded.tomcat.TomcatWebServer  : Tomcat initialized with port(s): 8080 (http)
2023-10-13T14:23:37.795+09:00  INFO 12852 --- [restartedMain] o.apache.catalina.core.StandardService   : Starting service [Tomcat]
2023-10-13T14:23:37.795+09:00  INFO 12852 --- [restartedMain] o.apache.catalina.core.StandardEngine    : Starting Servlet engine: [Apache Tomcat/10.1.13]
2023-10-13T14:23:37.827+09:00  INFO 12852 --- [restartedMain] o.a.c.c.C.[Tomcat].[localhost].[/]       : Initializing Spring embedded WebApplicationContext
2023-10-13T14:23:37.827+09:00  INFO 12852 --- [restartedMain] w.s.c.ServletWebServerApplicationContext : Root WebApplicationContext: initialization completed in 638 ms
2023-10-13T14:23:37.906+09:00  INFO 12852 --- [restartedMain] o.hibernate.jpa.internal.util.LogHelper  : HHH000204: Processing PersistenceUnitInfo [name: default]
2023-10-13T14:23:37.927+09:00  INFO 12852 --- [restartedMain] org.hibernate.Version                    : HHH000412: Hibernate ORM core version 6.2.9.Final
2023-10-13T14:23:37.928+09:00  INFO 12852 --- [restartedMain] org.hibernate.cfg.Environment            : HHH000406: Using bytecode reflection optimizer
2023-10-13T14:23:37.990+09:00  INFO 12852 --- [restartedMain] o.h.b.i.BytecodeProviderInitiator        : HHH000021: Bytecode provider name : bytebuddy
2023-10-13T14:23:38.052+09:00  INFO 12852 --- [restartedMain] o.s.o.j.p.SpringPersistenceUnitInfo      : No LoadTimeWeaver setup: ignoring JPA class transformer
2023-10-13T14:23:38.060+09:00  INFO 12852 --- [restartedMain] com.zaxxer.hikari.HikariDataSource       : HikariPool-1 - Starting...
2023-10-13T14:23:38.299+09:00  INFO 12852 --- [restartedMain] com.zaxxer.hikari.pool.HikariPool        : HikariPool-1 - Added connection com.mysql.cj.jdbc.ConnectionImpl@7d4f5afd
2023-10-13T14:23:38.302+09:00  INFO 12852 --- [restartedMain] com.zaxxer.hikari.HikariDataSource       : HikariPool-1 - Start completed.
2023-10-13T14:23:38.338+09:00  WARN 12852 --- [restartedMain] org.hibernate.orm.deprecation            : HHH90000026: MySQL57Dialect has been deprecated; use org.hibernate.dialect.MySQLDialect instead
2023-10-13T14:23:38.381+09:00  INFO 12852 --- [restartedMain] o.h.b.i.BytecodeProviderInitiator        : HHH000021: Bytecode provider name : bytebuddy
2023-10-13T14:23:38.482+09:00  INFO 12852 --- [restartedMain] o.h.e.t.j.p.i.JtaPlatformInitiator       : HHH000490: Using JtaPlatform implementation: [org.hibernate.engine.transaction.jta.platform.internal.NoJtaPlatform]
2023-10-13T14:23:38.484+09:00  INFO 12852 --- [restartedMain] j.LocalContainerEntityManagerFactoryBean : Initialized JPA EntityManagerFactory for persistence unit 'default'
2023-10-13T14:23:38.504+09:00  WARN 12852 --- [restartedMain] JpaBaseConfiguration$JpaWebConfiguration : spring.jpa.open-in-view is enabled by default. Therefore, database queries may be performed during view rendering. Explicitly configure spring.jpa.open-in-view to disable this warning
2023-10-13T14:23:38.572+09:00  INFO 12852 --- [restartedMain] o.s.b.a.w.s.WelcomePageHandlerMapping    : Adding welcome page template: index
2023-10-13T14:23:38.745+09:00  INFO 12852 --- [restartedMain] o.s.s.web.DefaultSecurityFilterChain     : Will secure any request with [org.springframework.security.web.session.DisableEncodeUrlFilter@380f58ab, org.springframework.security.web.context.request.async.WebAsyncManagerIntegrationFilter@36185643, org.springframework.security.web.context.SecurityContextHolderFilter@e918b85, org.springframework.security.web.header.HeaderWriterFilter@4b74ad17, org.springframework.security.web.csrf.CsrfFilter@4b547bf7, org.springframework.security.web.authentication.logout.LogoutFilter@690992d4, org.springframework.security.web.authentication.UsernamePasswordAuthenticationFilter@1d6077ae, org.springframework.security.web.authentication.ui.DefaultLoginPageGeneratingFilter@40cf4729, org.springframework.security.web.authentication.ui.DefaultLogoutPageGeneratingFilter@529c34fe, org.springframework.security.web.authentication.www.BasicAuthenticationFilter@78ded8f9, org.springframework.security.web.savedrequest.RequestCacheAwareFilter@1d6500c3, org.springframework.security.web.servletapi.SecurityContextHolderAwareRequestFilter@6688fdf7, org.springframework.security.web.authentication.AnonymousAuthenticationFilter@7a3e339c, org.springframework.security.web.access.ExceptionTranslationFilter@5ccd8658, org.springframework.security.web.access.intercept.AuthorizationFilter@7ae7c00]
2023-10-13T14:23:38.765+09:00  INFO 12852 --- [restartedMain] o.s.b.d.a.OptionalLiveReloadServer       : LiveReload server is running on port 35729
2023-10-13T14:23:38.781+09:00  INFO 12852 --- [restartedMain] o.s.b.w.embedded.tomcat.TomcatWebServer  : Tomcat started on port(s): 8080 (http) with context path ''
2023-10-13T14:23:38.785+09:00  INFO 12852 --- [restartedMain] co.kr.lotte.LotteApplication             : Started LotteApplication in 1.831 seconds (process running for 2.077)
2023-10-13T14:23:46.491+09:00  INFO 12852 --- [http-nio-8080-exec-1] o.a.c.c.C.[Tomcat].[localhost].[/]       : Initializing Spring DispatcherServlet 'dispatcherServlet'
2023-10-13T14:23:46.491+09:00  INFO 12852 --- [http-nio-8080-exec-1] o.s.web.servlet.DispatcherServlet        : Initializing Servlet 'dispatcherServlet'
2023-10-13T14:23:46.492+09:00  INFO 12852 --- [http-nio-8080-exec-1] o.s.web.servlet.DispatcherServlet        : Completed initialization in 0 ms
2023-10-13T14:23:46.496+09:00 DEBUG 12852 --- [http-nio-8080-exec-1] o.s.security.web.FilterChainProxy        : Securing GET /user/login
2023-10-13T14:23:46.500+09:00 DEBUG 12852 --- [http-nio-8080-exec-1] o.s.s.w.a.AnonymousAuthenticationFilter  : Set SecurityContextHolder to anonymous SecurityContext
2023-10-13T14:23:46.514+09:00 DEBUG 12852 --- [http-nio-8080-exec-1] o.s.s.w.s.HttpSessionRequestCache        : Saved request http://localhost:8080/user/login?continue to session
2023-10-13T14:23:46.515+09:00 DEBUG 12852 --- [http-nio-8080-exec-1] s.w.a.DelegatingAuthenticationEntryPoint : Trying to match using And [Not [RequestHeaderRequestMatcher [expectedHeaderName=X-Requested-With, expectedHeaderValue=XMLHttpRequest]], MediaTypeRequestMatcher [contentNegotiationStrategy=org.springframework.web.accept.ContentNegotiationManager@50724cb, matchingMediaTypes=[application/xhtml+xml, image/*, text/html, text/plain], useEquals=false, ignoredMediaTypes=[*/*]]]
2023-10-13T14:23:46.515+09:00 DEBUG 12852 --- [http-nio-8080-exec-1] s.w.a.DelegatingAuthenticationEntryPoint : Match found! Executing org.springframework.security.web.authentication.LoginUrlAuthenticationEntryPoint@48780bdd
2023-10-13T14:23:46.515+09:00 DEBUG 12852 --- [http-nio-8080-exec-1] o.s.s.web.DefaultRedirectStrategy        : Redirecting to http://localhost:8080/login
2023-10-13T14:23:46.519+09:00 DEBUG 12852 --- [http-nio-8080-exec-2] o.s.security.web.FilterChainProxy        : Securing GET /login
2023-10-13T14:23:46.961+09:00 DEBUG 12852 --- [http-nio-8080-exec-3] o.s.security.web.FilterChainProxy        : Securing GET /favicon.ico
2023-10-13T14:23:46.961+09:00 DEBUG 12852 --- [http-nio-8080-exec-3] o.s.s.w.a.AnonymousAuthenticationFilter  : Set SecurityContextHolder to anonymous SecurityContext
2023-10-13T14:23:46.961+09:00 DEBUG 12852 --- [http-nio-8080-exec-3] s.w.a.DelegatingAuthenticationEntryPoint : Trying to match using And [Not [RequestHeaderRequestMatcher [expectedHeaderName=X-Requested-With, expectedHeaderValue=XMLHttpRequest]], MediaTypeRequestMatcher [contentNegotiationStrategy=org.springframework.web.accept.ContentNegotiationManager@50724cb, matchingMediaTypes=[application/xhtml+xml, image/*, text/html, text/plain], useEquals=false, ignoredMediaTypes=[*/*]]]
2023-10-13T14:23:46.961+09:00 DEBUG 12852 --- [http-nio-8080-exec-3] s.w.a.DelegatingAuthenticationEntryPoint : Match found! Executing org.springframework.security.web.authentication.LoginUrlAuthenticationEntryPoint@48780bdd
2023-10-13T14:23:46.961+09:00 DEBUG 12852 --- [http-nio-8080-exec-3] o.s.s.web.DefaultRedirectStrategy        : Redirecting to http://localhost:8080/login
2023-10-13T14:23:46.964+09:00 DEBUG 12852 --- [http-nio-8080-exec-4] o.s.security.web.FilterChainProxy        : Securing GET /login
